TN:
SF:src\controllers\Controller.js
FN:3,(anonymous_0)
FN:6,(anonymous_1)
FN:15,(anonymous_2)
FN:25,(anonymous_3)
FN:35,(anonymous_4)
FN:53,(anonymous_5)
FNF:6
FNH:6
FNDA:12,(anonymous_0)
FNDA:2,(anonymous_1)
FNDA:2,(anonymous_2)
FNDA:2,(anonymous_3)
FNDA:3,(anonymous_4)
FNDA:2,(anonymous_5)
DA:4,12
DA:7,2
DA:8,2
DA:9,1
DA:11,1
DA:16,2
DA:17,2
DA:18,2
DA:19,1
DA:21,1
DA:26,2
DA:27,2
DA:28,2
DA:29,1
DA:31,1
DA:36,3
DA:37,3
DA:39,3
DA:40,3
DA:42,2
DA:43,1
DA:46,1
DA:49,1
DA:54,2
DA:55,2
DA:56,2
DA:57,1
DA:61,1
DA:67,2
LF:29
LH:29
BRDA:42,0,0,1
BRDA:42,0,1,1
BRF:2
BRH:2
end_of_record
TN:
SF:src\controllers\PessoaController.js
FN:7,(anonymous_0)
FN:11,(anonymous_1)
FN:21,(anonymous_2)
FNF:3
FNH:3
FNDA:1,(anonymous_0)
FNDA:2,(anonymous_1)
FNDA:2,(anonymous_2)
DA:1,1
DA:2,1
DA:4,1
DA:8,1
DA:12,2
DA:13,2
DA:14,2
DA:15,1
DA:17,1
DA:22,2
DA:23,2
DA:24,1
DA:26,1
DA:31,1
LF:14
LH:14
BRF:0
BRH:0
end_of_record
TN:
SF:src\services\PessoaServices.js
FN:4,(anonymous_0)
FN:8,(anonymous_1)
FN:18,(anonymous_2)
FNF:3
FNH:3
FNDA:3,(anonymous_0)
FNDA:2,(anonymous_1)
FNDA:1,(anonymous_2)
DA:1,1
DA:5,3
DA:10,2
DA:11,2
DA:12,1
DA:14,1
DA:15,1
DA:19,1
DA:20,1
DA:24,1
LF:10
LH:10
BRDA:11,0,0,1
BRDA:11,0,1,1
BRF:2
BRH:2
end_of_record
TN:
SF:src\services\Services.js
FN:4,(anonymous_0)
FN:8,(anonymous_1)
FN:12,(anonymous_2)
FN:16,(anonymous_3)
FN:20,(anonymous_4)
FN:24,(anonymous_5)
FN:37,(anonymous_6)
FNF:7
FNH:7
FNDA:11,(anonymous_0)
FNDA:1,(anonymous_1)
FNDA:2,(anonymous_2)
FNDA:4,(anonymous_3)
FNDA:1,(anonymous_4)
FNDA:2,(anonymous_5)
FNDA:1,(anonymous_6)
DA:1,2
DA:5,11
DA:9,1
DA:13,2
DA:17,4
DA:21,1
DA:25,2
DA:29,2
DA:30,1
DA:33,1
DA:38,1
DA:43,2
LF:12
LH:12
BRDA:29,0,0,1
BRDA:29,0,1,1
BRF:2
BRH:2
end_of_record
TN:
SF:src\utils\validaCpfHelper.js
FN:1,(anonymous_0)
FNF:1
FNH:1
FNDA:11,(anonymous_0)
DA:1,1
DA:2,11
DA:3,3
DA:7,8
DA:8,3
DA:12,5
DA:13,5
DA:14,45
DA:16,5
DA:17,5
DA:18,5
DA:19,1
DA:23,4
DA:24,4
DA:25,40
DA:27,4
DA:28,4
DA:29,4
DA:30,1
DA:33,3
LF:20
LH:20
BRDA:2,0,0,3
BRDA:2,0,1,8
BRDA:7,1,0,3
BRDA:7,1,1,5
BRDA:17,2,0,0
BRDA:17,2,1,5
BRDA:17,3,0,5
BRDA:17,3,1,5
BRDA:18,4,0,1
BRDA:18,4,1,4
BRDA:28,5,0,0
BRDA:28,5,1,4
BRDA:28,6,0,4
BRDA:28,6,1,4
BRDA:29,7,0,1
BRDA:29,7,1,3
BRF:16
BRH:14
end_of_record
